[2023-02-25 16:27:28.401 +00:00] [INF] [4] Main: Jellyfin version: "10.8.9"
[2023-02-25 16:27:28.415 +00:00] [INF] [4] Main: Environment Variables: ["[JELLYFIN_CONFIG_DIR, /config]", "[JELLYFIN_LOG_DIR, /config/log]", "[JELLYFIN_CACHE_DIR, /config/cache]", "[JELLYFIN_WEB_DIR, /usr/share/jellyfin/web]", "[JELLYFIN_DATA_DIR, /config/data]"]
[2023-02-25 16:27:28.417 +00:00] [INF] [4] Main: Arguments: ["/usr/lib/jellyfin/bin/jellyfin.dll", "--ffmpeg=/usr/lib/jellyfin-ffmpeg/ffmpeg"]
[2023-02-25 16:27:28.418 +00:00] [INF] [4] Main: Operating system: "Linux"
[2023-02-25 16:27:28.418 +00:00] [INF] [4] Main: Architecture: X64
[2023-02-25 16:27:28.419 +00:00] [INF] [4] Main: 64-Bit Process: True
[2023-02-25 16:27:28.419 +00:00] [INF] [4] Main: User Interactive: True
[2023-02-25 16:27:28.419 +00:00] [INF] [4] Main: Processor count: 6
[2023-02-25 16:27:28.419 +00:00] [INF] [4] Main: Program data path: "/config/data"
[2023-02-25 16:27:28.419 +00:00] [INF] [4] Main: Web resources path: "/usr/share/jellyfin/web"
[2023-02-25 16:27:28.419 +00:00] [INF] [4] Main: Application directory: "/usr/lib/jellyfin/bin/"
[2023-02-25 16:27:28.428 +00:00] [INF] [4] Jellyfin.Server.Migrations.MigrationRunner: Marking following migrations as applied because this is a fresh install: ["CreateNetworkConfiguration"]
[2023-02-25 16:27:28.495 +00:00] [INF] [4] Emby.Server.Implementations.AppBase.BaseConfigurationManager: Setting cache path: "/config/cache"
[2023-02-25 16:27:28.503 +00:00] [INF] [4] Emby.Server.Implementations.ApplicationHost: Loading assemblies
[2023-02-25 16:27:28.557 +00:00] [INF] [4] Jellyfin.Networking.Manager.NetworkManager: Defined LAN addresses : "[10.0.0.0/8,172.16.0.0/12,192.168.0.0/16]"
[2023-02-25 16:27:28.557 +00:00] [INF] [4] Jellyfin.Networking.Manager.NetworkManager: Defined LAN exclusions : "[]"
[2023-02-25 16:27:28.557 +00:00] [INF] [4] Jellyfin.Networking.Manager.NetworkManager: Using LAN addresses: "[10.0.0.0/8,172.16.0.0/12,192.168.0.0/16]"
[2023-02-25 16:27:28.562 +00:00] [INF] [4] Jellyfin.Networking.Manager.NetworkManager: Using bind addresses: "[]"
[2023-02-25 16:27:28.562 +00:00] [INF] [4] Jellyfin.Networking.Manager.NetworkManager: Using bind exclusions: "[]"
[2023-02-25 16:27:29.698 +00:00] [INF] [4] Jellyfin.Server.Implementations.JellyfinDbProvider: There are pending EFCore migrations in the database. Applying... (This may take a while, do not stop Jellyfin)
[2023-02-25 16:27:30.110 +00:00] [INF] [4] Jellyfin.Server.Implementations.JellyfinDbProvider: EFCore migrations applied successfully
[2023-02-25 16:27:30.496 +00:00] [INF] [4] Emby.Server.Implementations.AppBase.BaseConfigurationManager: Saving system configuration
[2023-02-25 16:27:30.498 +00:00] [INF] [4] Emby.Server.Implementations.AppBase.BaseConfigurationManager: Setting cache path: "/config/cache"
[2023-02-25 16:27:30.502 +00:00] [INF] [4] Emby.Server.Implementations.Plugins.PluginManager: Loaded plugin: "TMDb" "10.8.9.0"
[2023-02-25 16:27:30.503 +00:00] [INF] [4] Emby.Server.Implementations.Plugins.PluginManager: Loaded plugin: "Studio Images" "10.8.9.0"
[2023-02-25 16:27:30.503 +00:00] [INF] [4] Emby.Server.Implementations.Plugins.PluginManager: Loaded plugin: "OMDb" "10.8.9.0"
[2023-02-25 16:27:30.503 +00:00] [INF] [4] Emby.Server.Implementations.Plugins.PluginManager: Loaded plugin: "MusicBrainz" "10.8.9.0"
[2023-02-25 16:27:30.504 +00:00] [INF] [4] Emby.Server.Implementations.Plugins.PluginManager: Loaded plugin: "AudioDB" "10.8.9.0"
[2023-02-25 16:27:30.548 +00:00] [INF] [4] Jellyfin.Server.Migrations.MigrationRunner: Marking following migrations as applied because this is a fresh install: ["DisableTranscodingThrottling", "CreateLoggingConfigHeirarchy", "MigrateActivityLogDatabase", "RemoveDuplicateExtras", "MigrateUserDatabase", "MigrateDisplayPreferencesDatabase", "RemoveDownloadImagesInAdvance", "MigrateAuthenticationDatabase"]
[2023-02-25 16:27:30.549 +00:00] [INF] [4] Jellyfin.Server.Migrations.MigrationRunner: Applying migration '"AddDefaultPluginRepository"'
[2023-02-25 16:27:30.549 +00:00] [INF] [4] Emby.Server.Implementations.AppBase.BaseConfigurationManager: Saving system configuration
[2023-02-25 16:27:30.552 +00:00] [INF] [4] Emby.Server.Implementations.AppBase.BaseConfigurationManager: Setting cache path: "/config/cache"
[2023-02-25 16:27:30.552 +00:00] [INF] [4] Jellyfin.Server.Migrations.MigrationRunner: Migration '"AddDefaultPluginRepository"' applied successfully
[2023-02-25 16:27:30.561 +00:00] [INF] [4] Jellyfin.Server.Migrations.MigrationRunner: Applying migration '"ReaddDefaultPluginRepository"'
[2023-02-25 16:27:30.561 +00:00] [INF] [4] Jellyfin.Server.Migrations.MigrationRunner: Migration '"ReaddDefaultPluginRepository"' applied successfully
[2023-02-25 16:27:30.564 +00:00] [INF] [4] Jellyfin.Server.Migrations.MigrationRunner: Applying migration '"AddPeopleQueryIndex"'
[2023-02-25 16:27:30.564 +00:00] [INF] [4] Jellyfin.Server.Migrations.Routines.AddPeopleQueryIndex: Creating index idx_TypedBaseItemsUserDataKeyType
[2023-02-25 16:27:30.569 +00:00] [INF] [4] Jellyfin.Server.Migrations.Routines.AddPeopleQueryIndex: Creating index idx_PeopleNameListOrder
[2023-02-25 16:27:30.575 +00:00] [INF] [4] Jellyfin.Server.Migrations.MigrationRunner: Migration '"AddPeopleQueryIndex"' applied successfully
[2023-02-25 16:27:30.582 +00:00] [INF] [4] Main: Kestrel listening on "Any IP4 Address"
[2023-02-25 16:27:30.622 +00:00] [WRN] [4] Microsoft.AspNetCore.DataProtection.Repositories.EphemeralXmlRepository: Using an in-memory repository. Keys will not be persisted to storage.
[2023-02-25 16:27:30.622 +00:00] [WRN] [4] Microsoft.AspNetCore.DataProtection.KeyManagement.XmlKeyManager: Neither user profile nor HKLM registry available. Using an ephemeral key repository. Protected data will be unavailable when application exits.
[2023-02-25 16:27:30.836 +00:00] [WRN] [4] Microsoft.AspNetCore.DataProtection.KeyManagement.XmlKeyManager: No XML encryptor configured. Key {5246de99-ae20-4575-9171-eee66b3a61e7} may be persisted to storage in unencrypted form.
[2023-02-25 16:27:30.856 +00:00] [INF] [4] Emby.Server.Implementations.ApplicationHost: Running startup tasks
[2023-02-25 16:27:30.881 +00:00] [INF] [4] Emby.Server.Implementations.ScheduledTasks.TaskManager: Daily trigger for "Extract Chapter Images" set to fire at 2023-02-26 02:00:00.000 +00:00, which is 09:32:29.1182172 from now.
[2023-02-25 16:27:30.903 +00:00] [INF] [4] MediaBrowser.MediaEncoding.Encoder.MediaEncoder: Found ffmpeg version "5.1.2"
[2023-02-25 16:27:30.933 +00:00] [INF] [4] MediaBrowser.MediaEncoding.Encoder.MediaEncoder: Available "decoders": ["libdav1d", "av1", "av1_cuvid", "av1_qsv", "h264", "h264_qsv", "h264_cuvid", "hevc", "hevc_qsv", "hevc_cuvid", "mpeg2video", "mpeg2_qsv", "mpeg2_cuvid", "mpeg4", "mpeg4_cuvid", "msmpeg4", "vc1_qsv", "vc1_cuvid", "vp8", "libvpx", "vp8_cuvid", "vp8_qsv", "vp9", "libvpx-vp9", "vp9_cuvid", "vp9_qsv", "aac", "ac3", "flac", "mp3"]
[2023-02-25 16:27:30.943 +00:00] [INF] [4] MediaBrowser.MediaEncoding.Encoder.MediaEncoder: Available "encoders": ["libx264", "h264_amf", "h264_nvenc", "h264_qsv", "h264_v4l2m2m", "h264_vaapi", "libx265", "hevc_amf", "hevc_nvenc", "hevc_qsv", "hevc_vaapi", "mpeg4", "msmpeg4", "libvpx", "libvpx-vp9", "aac", "libfdk_aac", "ac3", "flac", "libmp3lame", "libopus", "libvorbis", "srt"]
[2023-02-25 16:27:30.954 +00:00] [INF] [4] MediaBrowser.MediaEncoding.Encoder.MediaEncoder: Available filters: ["deinterlace_qsv", "deinterlace_vaapi", "hwupload_cuda", "hwupload_vaapi", "overlay_opencl", "overlay_qsv", "overlay_vaapi", "overlay_cuda", "procamp_vaapi", "scale_cuda", "scale_opencl", "scale_qsv", "scale_vaapi", "tonemap_cuda", "tonemap_opencl", "tonemap_vaapi", "vpp_qsv", "yadif_cuda", "zscale", "alphasrc"]
[2023-02-25 16:27:31.020 +00:00] [INF] [4] MediaBrowser.MediaEncoding.Encoder.MediaEncoder: Available hwaccel types: ["cuda", "vaapi", "qsv", "drm", "opencl", "vulkan"]
[2023-02-25 16:27:31.106 +00:00] [INF] [4] MediaBrowser.MediaEncoding.Encoder.MediaEncoder: FFmpeg: "/usr/lib/jellyfin-ffmpeg/ffmpeg"
[2023-02-25 16:27:31.110 +00:00] [INF] [4] Emby.Server.Implementations.ApplicationHost: ServerId: "e645697a6591485b994a6e26ebf3f40d"
[2023-02-25 16:27:31.399 +00:00] [INF] [11] Emby.Server.Implementations.ApplicationHost: Executed all pre-startup entry points in 0:00:00.2828723
[2023-02-25 16:27:31.399 +00:00] [INF] [11] Emby.Server.Implementations.ApplicationHost: Core startup complete
[2023-02-25 16:27:31.588 +00:00] [INF] [11] Emby.Server.Implementations.ApplicationHost: Executed all post-startup entry points in 0:00:00.1891091
[2023-02-25 16:27:31.589 +00:00] [INF] [11] Main: Startup complete 0:00:03.315225
[2023-02-25 16:27:33.890 +00:00] [INF] [14] Emby.Server.Implementations.ScheduledTasks.TaskManager: "StartupTrigger" fired for task: "Update Plugins"
[2023-02-25 16:27:33.890 +00:00] [INF] [14] Emby.Server.Implementations.ScheduledTasks.TaskManager: Queuing task "PluginUpdateTask"
[2023-02-25 16:27:33.892 +00:00] [INF] [12] Emby.Server.Implementations.ScheduledTasks.TaskManager: Executing "Update Plugins"
[2023-02-25 16:27:34.789 +00:00] [INF] [18] Emby.Server.Implementations.ScheduledTasks.TaskManager: "Update Plugins" Completed after 0 minute(s) and 0 seconds
[2023-02-25 16:27:34.804 +00:00] [INF] [18] Emby.Server.Implementations.ScheduledTasks.TaskManager: ExecuteQueuedTasks
[2023-02-25 16:28:51.135 +00:00] [INF] [19] Emby.Server.Implementations.AppBase.BaseConfigurationManager: Saving system configuration
[2023-02-25 16:28:51.138 +00:00] [INF] [19] Emby.Server.Implementations.AppBase.BaseConfigurationManager: Setting cache path: "/config/cache"
[2023-02-25 16:28:51.139 +00:00] [INF] [20] Emby.Server.Implementations.EntryPoints.ExternalPortForwarding: Stopping NAT discovery
[2023-02-25 16:28:51.162 +00:00] [WRN] [19] Jellyfin.Server.Implementations.Users.UserManager: No users, creating one with username "abc"
[2023-02-25 16:29:18.324 +00:00] [WRN] [25] Jellyfin.Server.Middleware.ResponseTimeMiddleware: Slow HTTP Response from "http://localhost:8096/Library/VirtualFolders?collectionType=tvshows&refreshLibrary=false&name=Anime" to "172.21.0.1" in 0:00:01.0716215 with Status Code 204
[2023-02-25 16:29:36.467 +00:00] [INF] [23] Emby.Server.Implementations.AppBase.BaseConfigurationManager: Saving system configuration
[2023-02-25 16:29:36.470 +00:00] [INF] [23] Emby.Server.Implementations.AppBase.BaseConfigurationManager: Setting cache path: "/config/cache"
[2023-02-25 16:29:37.592 +00:00] [INF] [25] Jellyfin.Networking.Manager.NetworkManager: Defined LAN addresses : "[10.0.0.0/8,172.16.0.0/12,192.168.0.0/16]"
[2023-02-25 16:29:37.592 +00:00] [INF] [25] Jellyfin.Networking.Manager.NetworkManager: Defined LAN exclusions : "[]"
[2023-02-25 16:29:37.592 +00:00] [INF] [25] Jellyfin.Networking.Manager.NetworkManager: Using LAN addresses: "[10.0.0.0/8,172.16.0.0/12,192.168.0.0/16]"
[2023-02-25 16:29:37.592 +00:00] [INF] [25] Jellyfin.Networking.Manager.NetworkManager: Using bind addresses: "[]"
[2023-02-25 16:29:37.592 +00:00] [INF] [25] Jellyfin.Networking.Manager.NetworkManager: Using bind exclusions: "[]"
[2023-02-25 16:29:38.379 +00:00] [INF] [12] Emby.Server.Implementations.AppBase.BaseConfigurationManager: Saving system configuration
[2023-02-25 16:29:38.381 +00:00] [INF] [12] Emby.Server.Implementations.AppBase.BaseConfigurationManager: Setting cache path: "/config/cache"
[2023-02-25 16:29:38.383 +00:00] [INF] [27] Emby.Server.Implementations.ScheduledTasks.TaskManager: Queuing task "RefreshMediaLibraryTask"
[2023-02-25 16:29:38.383 +00:00] [INF] [28] Emby.Server.Implementations.ScheduledTasks.TaskManager: Executing "Escanear la biblioteca"
[2023-02-25 16:29:38.388 +00:00] [INF] [28] Emby.Server.Implementations.Library.LibraryManager: Validating media library
[2023-02-25 16:29:40.887 +00:00] [INF] [12] Jellyfin.Server.Implementations.Users.UserManager: Authentication request for "admin" has succeeded.
[2023-02-25 16:29:40.887 +00:00] [INF] [12] Emby.Server.Implementations.Session.SessionManager: Current/Max sessions for user "admin": 0/0
[2023-02-25 16:29:40.931 +00:00] [INF] [12] Emby.Server.Implementations.Session.SessionManager: Creating new access token for user d9508728-435a-4106-ba5b-a0e403d67ae9
[2023-02-25 16:29:41.090 +00:00] [INF] [28] Emby.Server.Implementations.HttpServer.WebSocketManager: WS "172.21.0.1" request
[2023-02-25 16:29:41.145 +00:00] [WRN] [20] Microsoft.EntityFrameworkCore.Model.Validation: The entity type '"AccessSchedule"' is configured to use schema '"jellyfin"', but SQLite does not support schemas. This configuration will be ignored by the SQLite provider.
[2023-02-25 16:29:41.145 +00:00] [WRN] [20] Microsoft.EntityFrameworkCore.Model.Validation: The entity type '"ActivityLog"' is configured to use schema '"jellyfin"', but SQLite does not support schemas. This configuration will be ignored by the SQLite provider.
[2023-02-25 16:29:41.145 +00:00] [WRN] [20] Microsoft.EntityFrameworkCore.Model.Validation: The entity type '"CustomItemDisplayPreferences"' is configured to use schema '"jellyfin"', but SQLite does not support schemas. This configuration will be ignored by the SQLite provider.
[2023-02-25 16:29:41.145 +00:00] [WRN] [20] Microsoft.EntityFrameworkCore.Model.Validation: The entity type '"DisplayPreferences"' is configured to use schema '"jellyfin"', but SQLite does not support schemas. This configuration will be ignored by the SQLite provider.
[2023-02-25 16:29:41.145 +00:00] [WRN] [20] Microsoft.EntityFrameworkCore.Model.Validation: The entity type '"HomeSection"' is configured to use schema '"jellyfin"', but SQLite does not support schemas. This configuration will be ignored by the SQLite provider.
[2023-02-25 16:29:41.145 +00:00] [WRN] [20] Microsoft.EntityFrameworkCore.Model.Validation: The entity type '"ImageInfo"' is configured to use schema '"jellyfin"', but SQLite does not support schemas. This configuration will be ignored by the SQLite provider.
[2023-02-25 16:29:41.145 +00:00] [WRN] [20] Microsoft.EntityFrameworkCore.Model.Validation: The entity type '"ItemDisplayPreferences"' is configured to use schema '"jellyfin"', but SQLite does not support schemas. This configuration will be ignored by the SQLite provider.
[2023-02-25 16:29:41.145 +00:00] [WRN] [20] Microsoft.EntityFrameworkCore.Model.Validation: The entity type '"Permission"' is configured to use schema '"jellyfin"', but SQLite does not support schemas. This configuration will be ignored by the SQLite provider.
[2023-02-25 16:29:41.145 +00:00] [WRN] [20] Microsoft.EntityFrameworkCore.Model.Validation: The entity type '"Preference"' is configured to use schema '"jellyfin"', but SQLite does not support schemas. This configuration will be ignored by the SQLite provider.
[2023-02-25 16:29:41.145 +00:00] [WRN] [20] Microsoft.EntityFrameworkCore.Model.Validation: The entity type '"ApiKey"' is configured to use schema '"jellyfin"', but SQLite does not support schemas. This configuration will be ignored by the SQLite provider.
[2023-02-25 16:29:41.145 +00:00] [WRN] [20] Microsoft.EntityFrameworkCore.Model.Validation: The entity type '"Device"' is configured to use schema '"jellyfin"', but SQLite does not support schemas. This configuration will be ignored by the SQLite provider.
[2023-02-25 16:29:41.145 +00:00] [WRN] [20] Microsoft.EntityFrameworkCore.Model.Validation: The entity type '"DeviceOptions"' is configured to use schema '"jellyfin"', but SQLite does not support schemas. This configuration will be ignored by the SQLite provider.
[2023-02-25 16:29:41.145 +00:00] [WRN] [20] Microsoft.EntityFrameworkCore.Model.Validation: The entity type '"User"' is configured to use schema '"jellyfin"', but SQLite does not support schemas. This configuration will be ignored by the SQLite provider.
[2023-02-25 16:29:42.669 +00:00] [ERR] [12] MediaBrowser.MediaEncoding.Encoder.MediaEncoder: Codec Type "attachment" unknown. The stream (index: 5) will be ignored. Warning: Subsequential streams will have a wrong stream specifier!
[2023-02-25 16:29:51.092 +00:00] [INF] [30] Emby.Drawing.ImageProcessor: Creating image collage and saving to "/config/cache/temp/5c3829a95e964586b9df3796e92c1fd1.png"
[2023-02-25 16:29:51.611 +00:00] [INF] [30] Emby.Drawing.ImageProcessor: Completed creation of image collage and saved to "/config/cache/temp/5c3829a95e964586b9df3796e92c1fd1.png"
[2023-02-25 16:29:51.692 +00:00] [INF] [26] Emby.Drawing.ImageProcessor: Creating image collage and saving to "/config/cache/temp/b62ad7a2956541029a1924667ab65058.png"
[2023-02-25 16:29:52.196 +00:00] [INF] [26] Emby.Drawing.ImageProcessor: Completed creation of image collage and saved to "/config/cache/temp/b62ad7a2956541029a1924667ab65058.png"
[2023-02-25 16:29:54.878 +00:00] [INF] [26] Emby.Server.Implementations.ScheduledTasks.TaskManager: "Escanear la biblioteca" Completed after 0 minute(s) and 16 seconds
[2023-02-25 16:29:54.880 +00:00] [INF] [26] Emby.Server.Implementations.ScheduledTasks.TaskManager: ExecuteQueuedTasks
[2023-02-25 16:29:54.900 +00:00] [INF] [25] Emby.Server.Implementations.IO.LibraryMonitor: Watching directory "/data/tvshows"
[2023-02-25 16:29:59.430 +00:00] [WRN] [20] Jellyfin.Server.Middleware.ResponseTimeMiddleware: Slow HTTP Response from "http://localhost:8096/Items/0c41907140d802bb58430fed7e2cd79e/Images/Primary" to "172.21.0.1" in 0:00:01.0891175 with Status Code 204
[2023-02-25 16:30:00.889 +00:00] [WRN] [26] Jellyfin.Server.Middleware.ResponseTimeMiddleware: Slow HTTP Response from "http://localhost:8096/Items/0c41907140d802bb58430fed7e2cd79e/Images/Primary?maxWidth=480&tag=e2c24ebd5ca11506bd6d94e4bca5f76c&quality=90" to "172.21.0.1" in 0:00:01.2911598 with Status Code 200
[2023-02-25 16:30:04.017 +00:00] [INF] [25] Emby.Server.Implementations.HttpServer.WebSocketManager: WS "172.21.0.1" closed
[2023-02-25 16:30:04.367 +00:00] [INF] [28] Emby.Server.Implementations.HttpServer.WebSocketManager: WS "172.21.0.1" request
[2023-02-25 16:30:05.877 +00:00] [WRN] [19] Jellyfin.Server.Middleware.ResponseTimeMiddleware: Slow HTTP Response from "http://localhost:8096/Items/0c41907140d802bb58430fed7e2cd79e/Images/Primary?fillHeight=251&fillWidth=355&quality=96&tag=e2c24ebd5ca11506bd6d94e4bca5f76c" to "172.21.0.1" in 0:00:01.4306562 with Status Code 200
[2023-02-25 16:30:23.547 +00:00] [INF] [2] Main: Received a SIGTERM signal, shutting down
[2023-02-25 16:30:23.547 +00:00] [INF] [2] Main: Running query planner optimizations in the database... This might take a while
[2023-02-25 16:30:23.566 +00:00] [INF] [2] Emby.Server.Implementations.ApplicationHost: Disposing "CoreAppHost"
[2023-02-25 16:30:23.567 +00:00] [INF] [2] Emby.Server.Implementations.ApplicationHost: Disposing "EntryPoint"
[2023-02-25 16:30:23.568 +00:00] [INF] [2] Emby.Server.Implementations.ApplicationHost: Disposing "UdpServerEntryPoint"
[2023-02-25 16:30:23.568 +00:00] [INF] [2] Emby.Server.Implementations.ApplicationHost: Disposing "LibraryMonitorStartup"
[2023-02-25 16:30:23.568 +00:00] [INF] [2] Emby.Server.Implementations.ApplicationHost: Disposing "MusicBrainzAlbumProvider"
[2023-02-25 16:30:23.568 +00:00] [INF] [2] Emby.Server.Implementations.ApplicationHost: Disposing "LibraryChangedNotifier"
[2023-02-25 16:30:23.569 +00:00] [INF] [2] Emby.Server.Implementations.ApplicationHost: Disposing "RecordingNotifier"
[2023-02-25 16:30:23.570 +00:00] [INF] [2] Emby.Server.Implementations.ApplicationHost: Disposing "NotificationEntryPoint"
[2023-02-25 16:30:23.571 +00:00] [INF] [2] Emby.Server.Implementations.ApplicationHost: Disposing "EntryPoint"
[2023-02-25 16:30:23.571 +00:00] [INF] [2] Emby.Server.Implementations.ApplicationHost: Disposing "DlnaEntryPoint"
[2023-02-25 16:30:23.571 +00:00] [INF] [2] Emby.Dlna.Main.DlnaEntryPoint: Disposing PlayToManager
[2023-02-25 16:30:23.572 +00:00] [INF] [2] Emby.Dlna.Main.DlnaEntryPoint: Disposing DeviceDiscovery
[2023-02-25 16:30:23.573 +00:00] [INF] [2] Emby.Dlna.Main.DlnaEntryPoint: Disposing SsdpCommunicationsServer
[2023-02-25 16:30:23.574 +00:00] [INF] [2] Emby.Dlna.Main.DlnaEntryPoint: "SsdpCommunicationsServer" disposing _BroadcastListenSocket
[2023-02-25 16:30:23.576 +00:00] [INF] [2] Emby.Dlna.Main.DlnaEntryPoint: "SsdpCommunicationsServer" Disposing 3 sendSockets
[2023-02-25 16:30:23.577 +00:00] [INF] [2] Emby.Dlna.Main.DlnaEntryPoint: "SsdpCommunicationsServer" disposing sendSocket from "0.0.0.0"
[2023-02-25 16:30:23.577 +00:00] [INF] [2] Emby.Dlna.Main.DlnaEntryPoint: "SsdpCommunicationsServer" disposing sendSocket from "172.21.0.2"
[2023-02-25 16:30:23.577 +00:00] [INF] [2] Emby.Dlna.Main.DlnaEntryPoint: "SsdpCommunicationsServer" disposing sendSocket from "127.0.0.1"
[2023-02-25 16:30:23.577 +00:00] [INF] [2] Emby.Server.Implementations.ApplicationHost: Disposing "ExternalPortForwarding"
[2023-02-25 16:30:23.578 +00:00] [INF] [2] Emby.Server.Implementations.EntryPoints.ExternalPortForwarding: Stopping NAT discovery
[2023-02-25 16:30:23.578 +00:00] [INF] [2] Emby.Server.Implementations.ApplicationHost: Disposing "DeviceAccessEntryPoint"
[2023-02-25 16:30:23.578 +00:00] [INF] [2] Emby.Server.Implementations.ApplicationHost: Disposing "EmbyTV"
[2023-02-25 16:30:23.579 +00:00] [INF] [2] Emby.Server.Implementations.ApplicationHost: Disposing "SchedulesDirect"
[2023-02-25 16:30:23.579 +00:00] [INF] [2] Emby.Server.Implementations.ApplicationHost: Disposing "UserDataChangeNotifier"
[2023-02-25 16:30:23.590 +00:00] [INF] [14] Emby.Server.Implementations.HttpServer.WebSocketManager: WS "172.21.0.1" closed
[2023-02-25 16:30:58.429 +00:00] [INF] [1] Main: Jellyfin version: "10.8.9"
[2023-02-25 16:30:58.445 +00:00] [INF] [1] Main: Environment Variables: ["[JELLYFIN_LOG_DIR, /config/log]", "[JELLYFIN_CONFIG_DIR, /config]", "[JELLYFIN_CACHE_DIR, /config/cache]", "[JELLYFIN_DATA_DIR, /config/data]", "[JELLYFIN_WEB_DIR, /usr/share/jellyfin/web]"]
[2023-02-25 16:30:58.447 +00:00] [INF] [1] Main: Arguments: ["/usr/lib/jellyfin/bin/jellyfin.dll", "--ffmpeg=/usr/lib/jellyfin-ffmpeg/ffmpeg"]
[2023-02-25 16:30:58.447 +00:00] [INF] [1] Main: Operating system: "Linux"
[2023-02-25 16:30:58.447 +00:00] [INF] [1] Main: Architecture: X64
[2023-02-25 16:30:58.448 +00:00] [INF] [1] Main: 64-Bit Process: True
[2023-02-25 16:30:58.448 +00:00] [INF] [1] Main: User Interactive: True
[2023-02-25 16:30:58.448 +00:00] [INF] [1] Main: Processor count: 6
[2023-02-25 16:30:58.448 +00:00] [INF] [1] Main: Program data path: "/config/data"
[2023-02-25 16:30:58.448 +00:00] [INF] [1] Main: Web resources path: "/usr/share/jellyfin/web"
[2023-02-25 16:30:58.448 +00:00] [INF] [1] Main: Application directory: "/usr/lib/jellyfin/bin/"
[2023-02-25 16:30:58.546 +00:00] [INF] [1] Jellyfin.Server.Migrations.MigrationRunner: Applying migration '"CreateNetworkConfiguration"'
[2023-02-25 16:30:58.547 +00:00] [INF] [1] Jellyfin.Server.Migrations.MigrationRunner: Migration '"CreateNetworkConfiguration"' applied successfully
[2023-02-25 16:30:58.574 +00:00] [INF] [1] Emby.Server.Implementations.AppBase.BaseConfigurationManager: Setting cache path: "/config/cache"
[2023-02-25 16:30:58.593 +00:00] [INF] [1] Emby.Server.Implementations.ApplicationHost: Loading assemblies
[2023-02-25 16:30:58.665 +00:00] [INF] [1] Jellyfin.Networking.Manager.NetworkManager: Defined LAN addresses : "[10.0.0.0/8,172.16.0.0/12,192.168.0.0/16]"
[2023-02-25 16:30:58.665 +00:00] [INF] [1] Jellyfin.Networking.Manager.NetworkManager: Defined LAN exclusions : "[]"
[2023-02-25 16:30:58.666 +00:00] [INF] [1] Jellyfin.Networking.Manager.NetworkManager: Using LAN addresses: "[10.0.0.0/8,172.16.0.0/12,192.168.0.0/16]"
[2023-02-25 16:30:58.671 +00:00] [INF] [1] Jellyfin.Networking.Manager.NetworkManager: Using bind addresses: "[]"
[2023-02-25 16:30:58.671 +00:00] [INF] [1] Jellyfin.Networking.Manager.NetworkManager: Using bind exclusions: "[]"
[2023-02-25 16:31:00.232 +00:00] [INF] [1] Emby.Server.Implementations.Plugins.PluginManager: Loaded plugin: "TMDb" "10.8.9.0"
[2023-02-25 16:31:00.232 +00:00] [INF] [1] Emby.Server.Implementations.Plugins.PluginManager: Loaded plugin: "Studio Images" "10.8.9.0"
[2023-02-25 16:31:00.233 +00:00] [INF] [1] Emby.Server.Implementations.Plugins.PluginManager: Loaded plugin: "OMDb" "10.8.9.0"
[2023-02-25 16:31:00.233 +00:00] [INF] [1] Emby.Server.Implementations.Plugins.PluginManager: Loaded plugin: "MusicBrainz" "10.8.9.0"
[2023-02-25 16:31:00.233 +00:00] [INF] [1] Emby.Server.Implementations.Plugins.PluginManager: Loaded plugin: "AudioDB" "10.8.9.0"
[2023-02-25 16:31:00.277 +00:00] [INF] [1] Main: Kestrel listening on "Any IP4 Address"
[2023-02-25 16:31:00.312 +00:00] [WRN] [1] Microsoft.AspNetCore.DataProtection.Repositories.EphemeralXmlRepository: Using an in-memory repository. Keys will not be persisted to storage.
[2023-02-25 16:31:00.312 +00:00] [WRN] [1] Microsoft.AspNetCore.DataProtection.KeyManagement.XmlKeyManager: Neither user profile nor HKLM registry available. Using an ephemeral key repository. Protected data will be unavailable when application exits.
[2023-02-25 16:31:00.519 +00:00] [WRN] [1] Microsoft.AspNetCore.DataProtection.KeyManagement.XmlKeyManager: No XML encryptor configured. Key {0350d427-30ea-431f-9812-506c6d1f84f0} may be persisted to storage in unencrypted form.
[2023-02-25 16:31:00.536 +00:00] [INF] [1] Emby.Server.Implementations.ApplicationHost: Running startup tasks
[2023-02-25 16:31:00.559 +00:00] [INF] [1] Emby.Server.Implementations.ScheduledTasks.TaskManager: Daily trigger for "Extraer imágenes de los capítulos" set to fire at 2023-02-26 02:00:00.000 +00:00, which is 09:28:59.4408846 from now.
[2023-02-25 16:31:00.617 +00:00] [INF] [1] MediaBrowser.MediaEncoding.Encoder.MediaEncoder: Found ffmpeg version "5.1.2"
[2023-02-25 16:31:00.641 +00:00] [INF] [1] MediaBrowser.MediaEncoding.Encoder.MediaEncoder: Available "decoders": ["libdav1d", "av1", "av1_cuvid", "av1_qsv", "h264", "h264_qsv", "h264_cuvid", "hevc", "hevc_qsv", "hevc_cuvid", "mpeg2video", "mpeg2_qsv", "mpeg2_cuvid", "mpeg4", "mpeg4_cuvid", "msmpeg4", "vc1_qsv", "vc1_cuvid", "vp8", "libvpx", "vp8_cuvid", "vp8_qsv", "vp9", "libvpx-vp9", "vp9_cuvid", "vp9_qsv", "aac", "ac3", "flac", "mp3"]
[2023-02-25 16:31:00.651 +00:00] [INF] [1] MediaBrowser.MediaEncoding.Encoder.MediaEncoder: Available "encoders": ["libx264", "h264_amf", "h264_nvenc", "h264_qsv", "h264_v4l2m2m", "h264_vaapi", "libx265", "hevc_amf", "hevc_nvenc", "hevc_qsv", "hevc_vaapi", "mpeg4", "msmpeg4", "libvpx", "libvpx-vp9", "aac", "libfdk_aac", "ac3", "flac", "libmp3lame", "libopus", "libvorbis", "srt"]
[2023-02-25 16:31:00.662 +00:00] [INF] [1] MediaBrowser.MediaEncoding.Encoder.MediaEncoder: Available filters: ["deinterlace_qsv", "deinterlace_vaapi", "hwupload_cuda", "hwupload_vaapi", "overlay_opencl", "overlay_qsv", "overlay_vaapi", "overlay_cuda", "procamp_vaapi", "scale_cuda", "scale_opencl", "scale_qsv", "scale_vaapi", "tonemap_cuda", "tonemap_opencl", "tonemap_vaapi", "vpp_qsv", "yadif_cuda", "zscale", "alphasrc"]
[2023-02-25 16:31:00.721 +00:00] [INF] [1] MediaBrowser.MediaEncoding.Encoder.MediaEncoder: Available hwaccel types: ["cuda", "vaapi", "qsv", "drm", "opencl", "vulkan"]
[2023-02-25 16:31:00.795 +00:00] [INF] [1] MediaBrowser.MediaEncoding.Encoder.MediaEncoder: FFmpeg: "/usr/lib/jellyfin-ffmpeg/ffmpeg"
[2023-02-25 16:31:00.797 +00:00] [INF] [1] Emby.Server.Implementations.ApplicationHost: ServerId: "e645697a6591485b994a6e26ebf3f40d"
[2023-02-25 16:31:00.945 +00:00] [INF] [1] Emby.Server.Implementations.ApplicationHost: Executed all pre-startup entry points in 0:00:00.142141
[2023-02-25 16:31:00.945 +00:00] [INF] [1] Emby.Server.Implementations.ApplicationHost: Core startup complete
[2023-02-25 16:31:01.078 +00:00] [INF] [1] Emby.Server.Implementations.ApplicationHost: Executed all post-startup entry points in 0:00:00.1324767
[2023-02-25 16:31:01.078 +00:00] [INF] [1] Main: Startup complete 0:00:03.052057
[2023-02-25 16:31:01.079 +00:00] [INF] [13] Emby.Server.Implementations.IO.LibraryMonitor: Watching directory "/data/tvshows"
[2023-02-25 16:31:03.580 +00:00] [INF] [15] Emby.Server.Implementations.ScheduledTasks.TaskManager: "StartupTrigger" fired for task: "Actualizar extensiones"
[2023-02-25 16:31:03.581 +00:00] [INF] [15] Emby.Server.Implementations.ScheduledTasks.TaskManager: Queuing task "PluginUpdateTask"
[2023-02-25 16:31:03.583 +00:00] [INF] [14] Emby.Server.Implementations.ScheduledTasks.TaskManager: Executing "Actualizar extensiones"
[2023-02-25 16:31:04.441 +00:00] [INF] [15] Emby.Server.Implementations.ScheduledTasks.TaskManager: "Actualizar extensiones" Completed after 0 minute(s) and 0 seconds
[2023-02-25 16:31:04.451 +00:00] [INF] [15] Emby.Server.Implementations.ScheduledTasks.TaskManager: ExecuteQueuedTasks
[2023-02-25 16:31:09.823 +00:00] [INF] [14] Emby.Server.Implementations.HttpServer.WebSocketManager: WS "172.21.0.1" request
[2023-02-25 16:31:09.910 +00:00] [WRN] [11] Microsoft.EntityFrameworkCore.Model.Validation: The entity type '"AccessSchedule"' is configured to use schema '"jellyfin"', but SQLite does not support schemas. This configuration will be ignored by the SQLite provider.
[2023-02-25 16:31:09.910 +00:00] [WRN] [11] Microsoft.EntityFrameworkCore.Model.Validation: The entity type '"ActivityLog"' is configured to use schema '"jellyfin"', but SQLite does not support schemas. This configuration will be ignored by the SQLite provider.
[2023-02-25 16:31:09.910 +00:00] [WRN] [11] Microsoft.EntityFrameworkCore.Model.Validation: The entity type '"CustomItemDisplayPreferences"' is configured to use schema '"jellyfin"', but SQLite does not support schemas. This configuration will be ignored by the SQLite provider.
[2023-02-25 16:31:09.910 +00:00] [WRN] [11] Microsoft.EntityFrameworkCore.Model.Validation: The entity type '"DisplayPreferences"' is configured to use schema '"jellyfin"', but SQLite does not support schemas. This configuration will be ignored by the SQLite provider.
[2023-02-25 16:31:09.910 +00:00] [WRN] [11] Microsoft.EntityFrameworkCore.Model.Validation: The entity type '"HomeSection"' is configured to use schema '"jellyfin"', but SQLite does not support schemas. This configuration will be ignored by the SQLite provider.
[2023-02-25 16:31:09.910 +00:00] [WRN] [11] Microsoft.EntityFrameworkCore.Model.Validation: The entity type '"ImageInfo"' is configured to use schema '"jellyfin"', but SQLite does not support schemas. This configuration will be ignored by the SQLite provider.
[2023-02-25 16:31:09.910 +00:00] [WRN] [11] Microsoft.EntityFrameworkCore.Model.Validation: The entity type '"ItemDisplayPreferences"' is configured to use schema '"jellyfin"', but SQLite does not support schemas. This configuration will be ignored by the SQLite provider.
[2023-02-25 16:31:09.910 +00:00] [WRN] [11] Microsoft.EntityFrameworkCore.Model.Validation: The entity type '"Permission"' is configured to use schema '"jellyfin"', but SQLite does not support schemas. This configuration will be ignored by the SQLite provider.
[2023-02-25 16:31:09.910 +00:00] [WRN] [11] Microsoft.EntityFrameworkCore.Model.Validation: The entity type '"Preference"' is configured to use schema '"jellyfin"', but SQLite does not support schemas. This configuration will be ignored by the SQLite provider.
[2023-02-25 16:31:09.910 +00:00] [WRN] [11] Microsoft.EntityFrameworkCore.Model.Validation: The entity type '"ApiKey"' is configured to use schema '"jellyfin"', but SQLite does not support schemas. This configuration will be ignored by the SQLite provider.
[2023-02-25 16:31:09.910 +00:00] [WRN] [11] Microsoft.EntityFrameworkCore.Model.Validation: The entity type '"Device"' is configured to use schema '"jellyfin"', but SQLite does not support schemas. This configuration will be ignored by the SQLite provider.
[2023-02-25 16:31:09.911 +00:00] [WRN] [11] Microsoft.EntityFrameworkCore.Model.Validation: The entity type '"DeviceOptions"' is configured to use schema '"jellyfin"', but SQLite does not support schemas. This configuration will be ignored by the SQLite provider.
[2023-02-25 16:31:09.911 +00:00] [WRN] [11] Microsoft.EntityFrameworkCore.Model.Validation: The entity type '"User"' is configured to use schema '"jellyfin"', but SQLite does not support schemas. This configuration will be ignored by the SQLite provider.
[2023-02-25 16:31:16.865 +00:00] [INF] [10] Emby.Server.Implementations.HttpServer.WebSocketManager: WS "172.21.0.1" closed
[2023-02-25 16:31:18.773 +00:00] [INF] [2] Main: Received a SIGTERM signal, shutting down
[2023-02-25 16:31:18.774 +00:00] [INF] [2] Main: Running query planner optimizations in the database... This might take a while
[2023-02-25 16:31:18.785 +00:00] [INF] [2] Emby.Server.Implementations.ApplicationHost: Disposing "CoreAppHost"
[2023-02-25 16:31:18.786 +00:00] [INF] [2] Emby.Server.Implementations.ApplicationHost: Disposing "NotificationEntryPoint"
[2023-02-25 16:31:18.787 +00:00] [INF] [2] Emby.Server.Implementations.ApplicationHost: Disposing "UdpServerEntryPoint"
[2023-02-25 16:31:18.788 +00:00] [INF] [2] Emby.Server.Implementations.ApplicationHost: Disposing "LibraryMonitorStartup"
[2023-02-25 16:31:18.788 +00:00] [INF] [2] Emby.Server.Implementations.ApplicationHost: Disposing "ExternalPortForwarding"
[2023-02-25 16:31:18.789 +00:00] [INF] [2] Emby.Server.Implementations.EntryPoints.ExternalPortForwarding: Stopping NAT discovery
[2023-02-25 16:31:18.791 +00:00] [INF] [2] Emby.Server.Implementations.ApplicationHost: Disposing "SchedulesDirect"
[2023-02-25 16:31:18.792 +00:00] [INF] [2] Emby.Server.Implementations.ApplicationHost: Disposing "LibraryChangedNotifier"
[2023-02-25 16:31:18.794 +00:00] [INF] [2] Emby.Server.Implementations.ApplicationHost: Disposing "DeviceAccessEntryPoint"
[2023-02-25 16:31:18.794 +00:00] [INF] [2] Emby.Server.Implementations.ApplicationHost: Disposing "EntryPoint"
[2023-02-25 16:31:18.795 +00:00] [INF] [2] Emby.Server.Implementations.ApplicationHost: Disposing "MusicBrainzAlbumProvider"
[2023-02-25 16:31:18.796 +00:00] [INF] [2] Emby.Server.Implementations.ApplicationHost: Disposing "DlnaEntryPoint"
[2023-02-25 16:31:18.797 +00:00] [INF] [2] Emby.Dlna.Main.DlnaEntryPoint: Disposing PlayToManager
[2023-02-25 16:31:18.798 +00:00] [INF] [2] Emby.Dlna.Main.DlnaEntryPoint: Disposing DeviceDiscovery
[2023-02-25 16:31:18.799 +00:00] [INF] [2] Emby.Dlna.Main.DlnaEntryPoint: Disposing SsdpCommunicationsServer
[2023-02-25 16:31:18.800 +00:00] [INF] [2] Emby.Dlna.Main.DlnaEntryPoint: "SsdpCommunicationsServer" disposing _BroadcastListenSocket
[2023-02-25 16:31:18.801 +00:00] [INF] [2] Emby.Dlna.Main.DlnaEntryPoint: "SsdpCommunicationsServer" Disposing 3 sendSockets
[2023-02-25 16:31:18.802 +00:00] [INF] [2] Emby.Dlna.Main.DlnaEntryPoint: "SsdpCommunicationsServer" disposing sendSocket from "0.0.0.0"
[2023-02-25 16:31:18.802 +00:00] [INF] [2] Emby.Dlna.Main.DlnaEntryPoint: "SsdpCommunicationsServer" disposing sendSocket from "172.21.0.5"
[2023-02-25 16:31:18.802 +00:00] [INF] [2] Emby.Dlna.Main.DlnaEntryPoint: "SsdpCommunicationsServer" disposing sendSocket from "127.0.0.1"
[2023-02-25 16:31:18.802 +00:00] [INF] [2] Emby.Server.Implementations.ApplicationHost: Disposing "EmbyTV"
[2023-02-25 16:31:18.803 +00:00] [INF] [2] Emby.Server.Implementations.ApplicationHost: Disposing "EntryPoint"
[2023-02-25 16:31:18.803 +00:00] [INF] [2] Emby.Server.Implementations.ApplicationHost: Disposing "RecordingNotifier"
[2023-02-25 16:31:18.804 +00:00] [INF] [2] Emby.Server.Implementations.ApplicationHost: Disposing "UserDataChangeNotifier"
